# JRE version: OpenJDK Runtime Environment (17.0.9) (build 17.0.9+0--11185874)
# Java VM: OpenJDK 64-Bit Server VM (17.0.9+0--11185874, mixed mode, tiered, compressed oops, compressed class ptrs, g1 gc, windows-amd64)
GC Precious Log:
 CPUs: 4 total, 4 available
 Memory: 6086M
 Large Page Support: Disabled
 NUMA Support: Disabled
 Compressed Oops: Enabled (32-bit)
 Heap Region Size: 1M
 Heap Min Capacity: 8M
 Heap Initial Capacity: 96M
 Heap Max Capacity: 2G
 Pre-touch: Disabled
 Parallel Workers: 4
 Concurrent Workers: 1
 Concurrent Refinement Workers: 4
 Periodic GC: Disabled
Heap:
 garbage-first heap   total 89088K, used 53675K [0x0000000080000000, 0x0000000100000000)
  region size 1024K, 7 young (7168K), 3 survivors (3072K)
 Metaspace       used 45043K, committed 45504K, reserved 1114112K
  class space    used 5929K, committed 6144K, reserved 1048576K
GC Heap History (20 events):
Event: 3.819 GC heap before
{Heap before GC invocations=3 (full 0):
 garbage-first heap   total 98304K, used 57340K [0x0000000080000000, 0x0000000100000000)
  region size 1024K, 47 young (48128K), 2 survivors (2048K)
 Metaspace       used 21286K, committed 21504K, reserved 1114112K
  class space    used 2548K, committed 2688K, reserved 1048576K
}
Event: 3.828 GC heap after
{Heap after GC invocations=4 (full 0):
 garbage-first heap   total 98304K, used 18984K [0x0000000080000000, 0x0000000100000000)
  region size 1024K, 8 young (8192K), 8 survivors (8192K)
 Metaspace       used 21286K, committed 21504K, reserved 1114112K
  class space    used 2548K, committed 2688K, reserved 1048576K
}
Event: 5.139 GC heap before
{Heap before GC invocations=5 (full 0):
 garbage-first heap   total 68608K, used 51752K [0x0000000080000000, 0x0000000100000000)
  region size 1024K, 40 young (40960K), 8 survivors (8192K)
 Metaspace       used 26328K, committed 26688K, reserved 1114112K
  class space    used 3416K, committed 3584K, reserved 1048576K
}
Event: 5.147 GC heap after
{Heap after GC invocations=6 (full 0):
 garbage-first heap   total 68608K, used 20613K [0x0000000080000000, 0x0000000100000000)
  region size 1024K, 2 young (2048K), 2 survivors (2048K)
 Metaspace       used 26328K, committed 26688K, reserved 1114112K
  class space    used 3416K, committed 3584K, reserved 1048576K
}
Event: 6.203 GC heap before
{Heap before GC invocations=6 (full 0):
 garbage-first heap   total 68608K, used 47237K [0x0000000080000000, 0x0000000100000000)
  region size 1024K, 29 young (29696K), 2 survivors (2048K)
 Metaspace       used 30107K, committed 30464K, reserved 1114112K
  class space    used 4049K, committed 4224K, reserved 1048576K
}
Event: 6.209 GC heap after
{Heap after GC invocations=7 (full 0):
 garbage-first heap   total 68608K, used 22101K [0x0000000080000000, 0x0000000100000000)
  region size 1024K, 4 young (4096K), 4 survivors (4096K)
 Metaspace       used 30107K, committed 30464K, reserved 1114112K
  class space    used 4049K, committed 4224K, reserved 1048576K
}
Event: 7.058 GC heap before
{Heap before GC invocations=7 (full 0):
 garbage-first heap   total 68608K, used 56917K [0x0000000080000000, 0x0000000100000000)
  region size 1024K, 29 young (29696K), 4 survivors (4096K)
 Metaspace       used 32842K, committed 33216K, reserved 1114112K
  class space    used 4502K, committed 4672K, reserved 1048576K
}
Event: 7.066 GC heap after
{Heap after GC invocations=8 (full 0):
 garbage-first heap   total 69632K, used 38868K [0x0000000080000000, 0x0000000100000000)
  region size 1024K, 4 young (4096K), 4 survivors (4096K)
 Metaspace       used 32842K, committed 33216K, reserved 1114112K
  class space    used 4502K, committed 4672K, reserved 1048576K
}
Event: 7.708 GC heap before
{Heap before GC invocations=8 (full 0):
 garbage-first heap   total 69632K, used 53204K [0x0000000080000000, 0x0000000100000000)
  region size 1024K, 19 young (19456K), 4 survivors (4096K)
 Metaspace       used 34717K, committed 35072K, reserved 1114112K
  class space    used 4804K, committed 4992K, reserved 1048576K
}
Event: 7.718 GC heap after
{Heap after GC invocations=9 (full 0):
 garbage-first heap   total 69632K, used 39458K [0x0000000080000000, 0x0000000100000000)
  region size 1024K, 1 young (1024K), 1 survivors (1024K)
 Metaspace       used 34717K, committed 35072K, reserved 1114112K
  class space    used 4804K, committed 4992K, reserved 1048576K
}
Event: 8.302 GC heap before
{Heap before GC invocations=10 (full 0):
 garbage-first heap   total 69632K, used 55842K [0x0000000080000000, 0x0000000100000000)
  region size 1024K, 17 young (17408K), 1 survivors (1024K)
 Metaspace       used 37200K, committed 37504K, reserved 1114112K
  class space    used 5182K, committed 5312K, reserved 1048576K
}
Event: 8.306 GC heap after
{Heap after GC invocations=11 (full 0):
 garbage-first heap   total 69632K, used 39965K [0x0000000080000000, 0x0000000100000000)
  region size 1024K, 2 young (2048K), 2 survivors (2048K)
 Metaspace       used 37200K, committed 37504K, reserved 1114112K
  class space    used 5182K, committed 5312K, reserved 1048576K
}
Event: 8.868 GC heap before
{Heap before GC invocations=11 (full 0):
 garbage-first heap   total 69632K, used 55325K [0x0000000080000000, 0x0000000100000000)
  region size 1024K, 18 young (18432K), 2 survivors (2048K)
 Metaspace       used 41593K, committed 41984K, reserved 1114112K
  class space    used 5633K, committed 5760K, reserved 1048576K
}
Event: 8.874 GC heap after
{Heap after GC invocations=12 (full 0):
 garbage-first heap   total 69632K, used 41908K [0x0000000080000000, 0x0000000100000000)
  region size 1024K, 3 young (3072K), 3 survivors (3072K)
 Metaspace       used 41593K, committed 41984K, reserved 1114112K
  class space    used 5633K, committed 5760K, reserved 1048576K
}
Event: 9.355 GC heap before
{Heap before GC invocations=13 (full 0):
 garbage-first heap   total 75776K, used 54196K [0x0000000080000000, 0x0000000100000000)
  region size 1024K, 16 young (16384K), 3 survivors (3072K)
 Metaspace       used 43407K, committed 43840K, reserved 1114112K
  class space    used 5827K, committed 6016K, reserved 1048576K
}
Event: 9.365 GC heap after
{Heap after GC invocations=14 (full 0):
 garbage-first heap   total 75776K, used 43787K [0x0000000080000000, 0x0000000100000000)
  region size 1024K, 2 young (2048K), 2 survivors (2048K)
 Metaspace       used 43407K, committed 43840K, reserved 1114112K
  class space    used 5827K, committed 6016K, reserved 1048576K
}
Event: 9.703 GC heap before
{Heap before GC invocations=14 (full 0):
 garbage-first heap   total 75776K, used 60171K [0x0000000080000000, 0x0000000100000000)
  region size 1024K, 18 young (18432K), 2 survivors (2048K)
 Metaspace       used 43667K, committed 44160K, reserved 1114112K
  class space    used 5857K, committed 6080K, reserved 1048576K
}
Event: 9.707 GC heap after
{Heap after GC invocations=15 (full 0):
 garbage-first heap   total 75776K, used 44561K [0x0000000080000000, 0x0000000100000000)
  region size 1024K, 2 young (2048K), 2 survivors (2048K)
 Metaspace       used 43667K, committed 44160K, reserved 1114112K
  class space    used 5857K, committed 6080K, reserved 1048576K
}
Event: 9.804 GC heap before
{Heap before GC invocations=16 (full 0):
 garbage-first heap   total 80896K, used 46609K [0x0000000080000000, 0x0000000100000000)
  region size 1024K, 6 young (6144K), 2 survivors (2048K)
 Metaspace       used 43887K, committed 44288K, reserved 1114112K
  class space    used 5875K, committed 6080K, reserved 1048576K
}
Event: 9.810 GC heap after
{Heap after GC invocations=17 (full 0):
 garbage-first heap   total 80896K, used 45483K [0x0000000080000000, 0x0000000100000000)
  region size 1024K, 3 young (3072K), 3 survivors (3072K)
 Metaspace       used 43887K, committed 44288K, reserved 1114112K
  class space    used 5875K, committed 6080K, reserved 1048576K
}

