# JRE version: OpenJDK Runtime Environment (17.0.9) (build 17.0.9+0--11185874)
# Java VM: OpenJDK 64-Bit Server VM (17.0.9+0--11185874, mixed mode, tiered, compressed oops, compressed class ptrs, g1 gc, windows-amd64)
GC Precious Log:
 CPUs: 4 total, 4 available
 Memory: 6086M
 Large Page Support: Disabled
 NUMA Support: Disabled
 Compressed Oops: Enabled (32-bit)
 Heap Region Size: 1M
 Heap Min Capacity: 8M
 Heap Initial Capacity: 96M
 Heap Max Capacity: 2G
 Pre-touch: Disabled
 Parallel Workers: 4
 Concurrent Workers: 1
 Concurrent Refinement Workers: 4
 Periodic GC: Disabled
Heap:
 garbage-first heap   total 102400K, used 59504K [0x0000000080000000, 0x0000000100000000)
  region size 1024K, 9 young (9216K), 3 survivors (3072K)
 Metaspace       used 53590K, committed 54208K, reserved 1114112K
  class space    used 7147K, committed 7424K, reserved 1048576K
GC Heap History (20 events):
Event: 12.452 GC heap before
{Heap before GC invocations=11 (full 0):
 garbage-first heap   total 70656K, used 56114K [0x0000000080000000, 0x0000000100000000)
  region size 1024K, 19 young (19456K), 2 survivors (2048K)
 Metaspace       used 41929K, committed 42368K, reserved 1114112K
  class space    used 5673K, committed 5888K, reserved 1048576K
}
Event: 12.460 GC heap after
{Heap after GC invocations=12 (full 0):
 garbage-first heap   total 70656K, used 41959K [0x0000000080000000, 0x0000000100000000)
  region size 1024K, 3 young (3072K), 3 survivors (3072K)
 Metaspace       used 41929K, committed 42368K, reserved 1114112K
  class space    used 5673K, committed 5888K, reserved 1048576K
}
Event: 12.960 GC heap before
{Heap before GC invocations=13 (full 0):
 garbage-first heap   total 73728K, used 55271K [0x0000000080000000, 0x0000000100000000)
  region size 1024K, 17 young (17408K), 3 survivors (3072K)
 Metaspace       used 43412K, committed 43776K, reserved 1114112K
  class space    used 5824K, committed 6016K, reserved 1048576K
}
Event: 12.967 GC heap after
{Heap after GC invocations=14 (full 0):
 garbage-first heap   total 73728K, used 43990K [0x0000000080000000, 0x0000000100000000)
  region size 1024K, 2 young (2048K), 2 survivors (2048K)
 Metaspace       used 43412K, committed 43776K, reserved 1114112K
  class space    used 5824K, committed 6016K, reserved 1048576K
}
Event: 13.155 GC heap before
{Heap before GC invocations=14 (full 0):
 garbage-first heap   total 73728K, used 58326K [0x0000000080000000, 0x0000000100000000)
  region size 1024K, 16 young (16384K), 2 survivors (2048K)
 Metaspace       used 43752K, committed 44160K, reserved 1114112K
  class space    used 5864K, committed 6080K, reserved 1048576K
}
Event: 13.160 GC heap after
{Heap after GC invocations=15 (full 0):
 garbage-first heap   total 73728K, used 44689K [0x0000000080000000, 0x0000000100000000)
  region size 1024K, 2 young (2048K), 2 survivors (2048K)
 Metaspace       used 43752K, committed 44160K, reserved 1114112K
  class space    used 5864K, committed 6080K, reserved 1048576K
}
Event: 13.252 GC heap before
{Heap before GC invocations=16 (full 0):
 garbage-first heap   total 80896K, used 45713K [0x0000000080000000, 0x0000000100000000)
  region size 1024K, 5 young (5120K), 2 survivors (2048K)
 Metaspace       used 43890K, committed 44288K, reserved 1114112K
  class space    used 5872K, committed 6080K, reserved 1048576K
}
Event: 13.257 GC heap after
{Heap after GC invocations=17 (full 0):
 garbage-first heap   total 80896K, used 45558K [0x0000000080000000, 0x0000000100000000)
  region size 1024K, 1 young (1024K), 1 survivors (1024K)
 Metaspace       used 43890K, committed 44288K, reserved 1114112K
  class space    used 5872K, committed 6080K, reserved 1048576K
}
Event: 13.906 GC heap before
{Heap before GC invocations=18 (full 0):
 garbage-first heap   total 87040K, used 68086K [0x0000000080000000, 0x0000000100000000)
  region size 1024K, 19 young (19456K), 1 survivors (1024K)
 Metaspace       used 46940K, committed 47360K, reserved 1114112K
  class space    used 6218K, committed 6400K, reserved 1048576K
}
Event: 13.911 GC heap after
{Heap after GC invocations=19 (full 0):
 garbage-first heap   total 87040K, used 46492K [0x0000000080000000, 0x0000000100000000)
  region size 1024K, 2 young (2048K), 2 survivors (2048K)
 Metaspace       used 46940K, committed 47360K, reserved 1114112K
  class space    used 6218K, committed 6400K, reserved 1048576K
}
Event: 14.540 GC heap before
{Heap before GC invocations=19 (full 0):
 garbage-first heap   total 87040K, used 67996K [0x0000000080000000, 0x0000000100000000)
  region size 1024K, 24 young (24576K), 2 survivors (2048K)
 Metaspace       used 49017K, committed 49408K, reserved 1114112K
  class space    used 6544K, committed 6720K, reserved 1048576K
}
Event: 14.546 GC heap after
{Heap after GC invocations=20 (full 0):
 garbage-first heap   total 87040K, used 48453K [0x0000000080000000, 0x0000000100000000)
  region size 1024K, 2 young (2048K), 2 survivors (2048K)
 Metaspace       used 49017K, committed 49408K, reserved 1114112K
  class space    used 6544K, committed 6720K, reserved 1048576K
}
Event: 14.701 GC heap before
{Heap before GC invocations=21 (full 0):
 garbage-first heap   total 89088K, used 52549K [0x0000000080000000, 0x0000000100000000)
  region size 1024K, 7 young (7168K), 2 survivors (2048K)
 Metaspace       used 49180K, committed 49664K, reserved 1114112K
  class space    used 6566K, committed 6784K, reserved 1048576K
}
Event: 14.706 GC heap after
{Heap after GC invocations=22 (full 0):
 garbage-first heap   total 89088K, used 49307K [0x0000000080000000, 0x0000000100000000)
  region size 1024K, 1 young (1024K), 1 survivors (1024K)
 Metaspace       used 49180K, committed 49664K, reserved 1114112K
  class space    used 6566K, committed 6784K, reserved 1048576K
}
Event: 14.869 GC heap before
{Heap before GC invocations=23 (full 0):
 garbage-first heap   total 91136K, used 55451K [0x0000000080000000, 0x0000000100000000)
  region size 1024K, 6 young (6144K), 1 survivors (1024K)
 Metaspace       used 49498K, committed 49984K, reserved 1114112K
  class space    used 6591K, committed 6784K, reserved 1048576K
}
Event: 14.871 GC heap after
{Heap after GC invocations=24 (full 0):
 garbage-first heap   total 91136K, used 53419K [0x0000000080000000, 0x0000000100000000)
  region size 1024K, 2 young (2048K), 2 survivors (2048K)
 Metaspace       used 49498K, committed 49984K, reserved 1114112K
  class space    used 6591K, committed 6784K, reserved 1048576K
}
Event: 15.414 GC heap before
{Heap before GC invocations=25 (full 0):
 garbage-first heap   total 97280K, used 71851K [0x0000000080000000, 0x0000000100000000)
  region size 1024K, 19 young (19456K), 2 survivors (2048K)
 Metaspace       used 51757K, committed 52288K, reserved 1114112K
  class space    used 6820K, committed 7040K, reserved 1048576K
}
Event: 15.418 GC heap after
{Heap after GC invocations=26 (full 0):
 garbage-first heap   total 97280K, used 54174K [0x0000000080000000, 0x0000000100000000)
  region size 1024K, 2 young (2048K), 2 survivors (2048K)
 Metaspace       used 51757K, committed 52288K, reserved 1114112K
  class space    used 6820K, committed 7040K, reserved 1048576K
}
Event: 15.997 GC heap before
{Heap before GC invocations=26 (full 0):
 garbage-first heap   total 97280K, used 75678K [0x0000000080000000, 0x0000000100000000)
  region size 1024K, 23 young (23552K), 2 survivors (2048K)
 Metaspace       used 53071K, committed 53632K, reserved 1114112K
  class space    used 7074K, committed 7360K, reserved 1048576K
}
Event: 16.002 GC heap after
{Heap after GC invocations=27 (full 0):
 garbage-first heap   total 97280K, used 55408K [0x0000000080000000, 0x0000000100000000)
  region size 1024K, 3 young (3072K), 3 survivors (3072K)
 Metaspace       used 53071K, committed 53632K, reserved 1114112K
  class space    used 7074K, committed 7360K, reserved 1048576K
}

