# JRE version: OpenJDK Runtime Environment (17.0.9) (build 17.0.9+0--11185874)
# Java VM: OpenJDK 64-Bit Server VM (17.0.9+0--11185874, mixed mode, tiered, compressed oops, compressed class ptrs, g1 gc, windows-amd64)
GC Precious Log:
 CPUs: 4 total, 4 available
 Memory: 6086M
 Large Page Support: Disabled
 NUMA Support: Disabled
 Compressed Oops: Enabled (32-bit)
 Heap Region Size: 1M
 Heap Min Capacity: 8M
 Heap Initial Capacity: 96M
 Heap Max Capacity: 2G
 Pre-touch: Disabled
 Parallel Workers: 4
 Concurrent Workers: 1
 Concurrent Refinement Workers: 4
 Periodic GC: Disabled
Heap:
 garbage-first heap   total 165888K, used 90542K [0x0000000080000000, 0x0000000100000000)
  region size 1024K, 2 young (2048K), 2 survivors (2048K)
 Metaspace       used 93675K, committed 94528K, reserved 1179648K
  class space    used 12807K, committed 13248K, reserved 1048576K
GC Heap History (20 events):
Event: 80.511 GC heap after
{Heap after GC invocations=31 (full 0):
 garbage-first heap   total 165888K, used 76495K [0x0000000080000000, 0x0000000100000000)
  region size 1024K, 1 young (1024K), 1 survivors (1024K)
 Metaspace       used 69704K, committed 70400K, reserved 1114112K
  class space    used 9434K, committed 9792K, reserved 1048576K
}
Event: 81.429 GC heap before
{Heap before GC invocations=31 (full 0):
 garbage-first heap   total 165888K, used 115407K [0x0000000080000000, 0x0000000100000000)
  region size 1024K, 39 young (39936K), 1 survivors (1024K)
 Metaspace       used 73964K, committed 74624K, reserved 1114112K
  class space    used 9852K, committed 10176K, reserved 1048576K
}
Event: 81.433 GC heap after
{Heap after GC invocations=32 (full 0):
 garbage-first heap   total 165888K, used 77447K [0x0000000080000000, 0x0000000100000000)
  region size 1024K, 2 young (2048K), 2 survivors (2048K)
 Metaspace       used 73964K, committed 74624K, reserved 1114112K
  class space    used 9852K, committed 10176K, reserved 1048576K
}
Event: 82.392 GC heap before
{Heap before GC invocations=33 (full 0):
 garbage-first heap   total 165888K, used 125575K [0x0000000080000000, 0x0000000100000000)
  region size 1024K, 43 young (44032K), 2 survivors (2048K)
 Metaspace       used 76952K, committed 77632K, reserved 1179648K
  class space    used 10310K, committed 10624K, reserved 1048576K
}
Event: 82.401 GC heap after
{Heap after GC invocations=34 (full 0):
 garbage-first heap   total 165888K, used 86662K [0x0000000080000000, 0x0000000100000000)
  region size 1024K, 6 young (6144K), 6 survivors (6144K)
 Metaspace       used 76952K, committed 77632K, reserved 1179648K
  class space    used 10310K, committed 10624K, reserved 1048576K
}
Event: 82.494 GC heap before
{Heap before GC invocations=34 (full 0):
 garbage-first heap   total 165888K, used 87686K [0x0000000080000000, 0x0000000100000000)
  region size 1024K, 8 young (8192K), 6 survivors (6144K)
 Metaspace       used 76958K, committed 77632K, reserved 1179648K
  class space    used 10311K, committed 10624K, reserved 1048576K
}
Event: 82.503 GC heap after
{Heap after GC invocations=35 (full 0):
 garbage-first heap   total 165888K, used 82829K [0x0000000080000000, 0x0000000100000000)
  region size 1024K, 1 young (1024K), 1 survivors (1024K)
 Metaspace       used 76958K, committed 77632K, reserved 1179648K
  class space    used 10311K, committed 10624K, reserved 1048576K
}
Event: 83.451 GC heap before
{Heap before GC invocations=35 (full 0):
 garbage-first heap   total 165888K, used 122765K [0x0000000080000000, 0x0000000100000000)
  region size 1024K, 41 young (41984K), 1 survivors (1024K)
 Metaspace       used 79760K, committed 80448K, reserved 1179648K
  class space    used 10698K, committed 11008K, reserved 1048576K
}
Event: 83.455 GC heap after
{Heap after GC invocations=36 (full 0):
 garbage-first heap   total 165888K, used 85317K [0x0000000080000000, 0x0000000100000000)
  region size 1024K, 4 young (4096K), 4 survivors (4096K)
 Metaspace       used 79760K, committed 80448K, reserved 1179648K
  class space    used 10698K, committed 11008K, reserved 1048576K
}
Event: 84.437 GC heap before
{Heap before GC invocations=37 (full 0):
 garbage-first heap   total 165888K, used 125253K [0x0000000080000000, 0x0000000100000000)
  region size 1024K, 44 young (45056K), 4 survivors (4096K)
 Metaspace       used 83861K, committed 84544K, reserved 1179648K
  class space    used 11278K, committed 11584K, reserved 1048576K
}
Event: 84.444 GC heap after
{Heap after GC invocations=38 (full 0):
 garbage-first heap   total 165888K, used 85226K [0x0000000080000000, 0x0000000100000000)
  region size 1024K, 4 young (4096K), 4 survivors (4096K)
 Metaspace       used 83861K, committed 84544K, reserved 1179648K
  class space    used 11278K, committed 11584K, reserved 1048576K
}
Event: 84.523 GC heap before
{Heap before GC invocations=38 (full 0):
 garbage-first heap   total 165888K, used 88298K [0x0000000080000000, 0x0000000100000000)
  region size 1024K, 8 young (8192K), 4 survivors (4096K)
 Metaspace       used 84358K, committed 84992K, reserved 1179648K
  class space    used 11340K, committed 11648K, reserved 1048576K
}
Event: 84.528 GC heap after
{Heap after GC invocations=39 (full 0):
 garbage-first heap   total 165888K, used 85143K [0x0000000080000000, 0x0000000100000000)
  region size 1024K, 1 young (1024K), 1 survivors (1024K)
 Metaspace       used 84358K, committed 84992K, reserved 1179648K
  class space    used 11340K, committed 11648K, reserved 1048576K
}
Event: 85.442 GC heap before
{Heap before GC invocations=39 (full 0):
 garbage-first heap   total 165888K, used 127127K [0x0000000080000000, 0x0000000100000000)
  region size 1024K, 43 young (44032K), 1 survivors (1024K)
 Metaspace       used 87155K, committed 87872K, reserved 1179648K
  class space    used 11703K, committed 12032K, reserved 1048576K
}
Event: 85.448 GC heap after
{Heap after GC invocations=40 (full 0):
 garbage-first heap   total 165888K, used 87664K [0x0000000080000000, 0x0000000100000000)
  region size 1024K, 3 young (3072K), 3 survivors (3072K)
 Metaspace       used 87155K, committed 87872K, reserved 1179648K
  class space    used 11703K, committed 12032K, reserved 1048576K
}
Event: 86.500 GC heap before
{Heap before GC invocations=41 (full 0):
 garbage-first heap   total 165888K, used 131696K [0x0000000080000000, 0x0000000100000000)
  region size 1024K, 45 young (46080K), 3 survivors (3072K)
 Metaspace       used 90043K, committed 90816K, reserved 1179648K
  class space    used 12205K, committed 12608K, reserved 1048576K
}
Event: 86.507 GC heap after
{Heap after GC invocations=42 (full 0):
 garbage-first heap   total 165888K, used 89170K [0x0000000080000000, 0x0000000100000000)
  region size 1024K, 5 young (5120K), 5 survivors (5120K)
 Metaspace       used 90043K, committed 90816K, reserved 1179648K
  class space    used 12205K, committed 12608K, reserved 1048576K
}
Event: 86.581 GC heap before
{Heap before GC invocations=42 (full 0):
 garbage-first heap   total 165888K, used 92242K [0x0000000080000000, 0x0000000100000000)
  region size 1024K, 8 young (8192K), 5 survivors (5120K)
 Metaspace       used 90270K, committed 91008K, reserved 1179648K
  class space    used 12263K, committed 12672K, reserved 1048576K
}
Event: 86.587 GC heap after
{Heap after GC invocations=43 (full 0):
 garbage-first heap   total 165888K, used 89254K [0x0000000080000000, 0x0000000100000000)
  region size 1024K, 1 young (1024K), 1 survivors (1024K)
 Metaspace       used 90270K, committed 91008K, reserved 1179648K
  class space    used 12263K, committed 12672K, reserved 1048576K
}
Event: 87.556 GC heap before
{Heap before GC invocations=43 (full 0):
 garbage-first heap   total 165888K, used 133286K [0x0000000080000000, 0x0000000100000000)
  region size 1024K, 44 young (45056K), 1 survivors (1024K)
 Metaspace       used 93675K, committed 94528K, reserved 1179648K
  class space    used 12807K, committed 13248K, reserved 1048576K
}

