# JRE version: OpenJDK Runtime Environment (17.0.9) (build 17.0.9+0--11185874)
# Java VM: OpenJDK 64-Bit Server VM (17.0.9+0--11185874, mixed mode, tiered, compressed oops, compressed class ptrs, g1 gc, windows-amd64)
GC Precious Log:
 CPUs: 4 total, 4 available
 Memory: 6086M
 Large Page Support: Disabled
 NUMA Support: Disabled
 Compressed Oops: Enabled (32-bit)
 Heap Region Size: 1M
 Heap Min Capacity: 8M
 Heap Initial Capacity: 96M
 Heap Max Capacity: 2G
 Pre-touch: Disabled
 Parallel Workers: 4
 Concurrent Workers: 1
 Concurrent Refinement Workers: 4
 Periodic GC: Disabled
Heap:
 garbage-first heap   total 130048K, used 76485K [0x0000000080000000, 0x0000000100000000)
  region size 1024K, 2 young (2048K), 1 survivors (1024K)
 Metaspace       used 68416K, committed 69056K, reserved 1114112K
  class space    used 9253K, committed 9536K, reserved 1048576K
GC Heap History (20 events):
Event: 11.229 GC heap before
{Heap before GC invocations=21 (full 0):
 garbage-first heap   total 99328K, used 72064K [0x0000000080000000, 0x0000000100000000)
  region size 1024K, 19 young (19456K), 2 survivors (2048K)
 Metaspace       used 51711K, committed 52288K, reserved 1114112K
  class space    used 6809K, committed 7040K, reserved 1048576K
}
Event: 11.233 GC heap after
{Heap after GC invocations=22 (full 0):
 garbage-first heap   total 99328K, used 53914K [0x0000000080000000, 0x0000000100000000)
  region size 1024K, 2 young (2048K), 2 survivors (2048K)
 Metaspace       used 51711K, committed 52288K, reserved 1114112K
  class space    used 6809K, committed 7040K, reserved 1048576K
}
Event: 11.832 GC heap before
{Heap before GC invocations=22 (full 0):
 garbage-first heap   total 99328K, used 77466K [0x0000000080000000, 0x0000000100000000)
  region size 1024K, 25 young (25600K), 2 survivors (2048K)
 Metaspace       used 53173K, committed 53760K, reserved 1114112K
  class space    used 7088K, committed 7360K, reserved 1048576K
}
Event: 11.836 GC heap after
{Heap after GC invocations=23 (full 0):
 garbage-first heap   total 99328K, used 54937K [0x0000000080000000, 0x0000000100000000)
  region size 1024K, 3 young (3072K), 3 survivors (3072K)
 Metaspace       used 53173K, committed 53760K, reserved 1114112K
  class space    used 7088K, committed 7360K, reserved 1048576K
}
Event: 12.769 GC heap before
{Heap before GC invocations=24 (full 0):
 garbage-first heap   total 99328K, used 78489K [0x0000000080000000, 0x0000000100000000)
  region size 1024K, 26 young (26624K), 3 survivors (3072K)
 Metaspace       used 56424K, committed 57024K, reserved 1114112K
  class space    used 7606K, committed 7872K, reserved 1048576K
}
Event: 12.776 GC heap after
{Heap after GC invocations=25 (full 0):
 garbage-first heap   total 99328K, used 56356K [0x0000000080000000, 0x0000000100000000)
  region size 1024K, 3 young (3072K), 3 survivors (3072K)
 Metaspace       used 56424K, committed 57024K, reserved 1114112K
  class space    used 7606K, committed 7872K, reserved 1048576K
}
Event: 13.658 GC heap before
{Heap before GC invocations=25 (full 0):
 garbage-first heap   total 99328K, used 78884K [0x0000000080000000, 0x0000000100000000)
  region size 1024K, 26 young (26624K), 3 survivors (3072K)
 Metaspace       used 58696K, committed 59328K, reserved 1114112K
  class space    used 8004K, committed 8256K, reserved 1048576K
}
Event: 13.666 GC heap after
{Heap after GC invocations=26 (full 0):
 garbage-first heap   total 99328K, used 57655K [0x0000000080000000, 0x0000000100000000)
  region size 1024K, 3 young (3072K), 3 survivors (3072K)
 Metaspace       used 58696K, committed 59328K, reserved 1114112K
  class space    used 8004K, committed 8256K, reserved 1048576K
}
Event: 14.732 GC heap before
{Heap before GC invocations=27 (full 0):
 garbage-first heap   total 99328K, used 81207K [0x0000000080000000, 0x0000000100000000)
  region size 1024K, 26 young (26624K), 3 survivors (3072K)
 Metaspace       used 63297K, committed 63936K, reserved 1114112K
  class space    used 8585K, committed 8896K, reserved 1048576K
}
Event: 14.740 GC heap after
{Heap after GC invocations=28 (full 0):
 garbage-first heap   total 99328K, used 59911K [0x0000000080000000, 0x0000000100000000)
  region size 1024K, 4 young (4096K), 4 survivors (4096K)
 Metaspace       used 63297K, committed 63936K, reserved 1114112K
  class space    used 8585K, committed 8896K, reserved 1048576K
}
Event: 15.836 GC heap before
{Heap before GC invocations=28 (full 0):
 garbage-first heap   total 99328K, used 81415K [0x0000000080000000, 0x0000000100000000)
  region size 1024K, 25 young (25600K), 4 survivors (4096K)
 Metaspace       used 64902K, committed 65536K, reserved 1114112K
  class space    used 8790K, committed 9088K, reserved 1048576K
}
Event: 15.848 GC heap after
{Heap after GC invocations=29 (full 0):
 garbage-first heap   total 99328K, used 62600K [0x0000000080000000, 0x0000000100000000)
  region size 1024K, 3 young (3072K), 3 survivors (3072K)
 Metaspace       used 64902K, committed 65536K, reserved 1114112K
  class space    used 8790K, committed 9088K, reserved 1048576K
}
Event: 16.437 GC heap before
{Heap before GC invocations=30 (full 0):
 garbage-first heap   total 111616K, used 73864K [0x0000000080000000, 0x0000000100000000)
  region size 1024K, 16 young (16384K), 3 survivors (3072K)
 Metaspace       used 65187K, committed 65920K, reserved 1114112K
  class space    used 8810K, committed 9152K, reserved 1048576K
}
Event: 16.444 GC heap after
{Heap after GC invocations=31 (full 0):
 garbage-first heap   total 111616K, used 63855K [0x0000000080000000, 0x0000000100000000)
  region size 1024K, 2 young (2048K), 2 survivors (2048K)
 Metaspace       used 65187K, committed 65920K, reserved 1114112K
  class space    used 8810K, committed 9152K, reserved 1048576K
}
Event: 16.870 GC heap before
{Heap before GC invocations=32 (full 0):
 garbage-first heap   total 119808K, used 79215K [0x0000000080000000, 0x0000000100000000)
  region size 1024K, 15 young (15360K), 2 survivors (2048K)
 Metaspace       used 65756K, committed 66432K, reserved 1114112K
  class space    used 8911K, committed 9216K, reserved 1048576K
}
Event: 16.876 GC heap after
{Heap after GC invocations=33 (full 0):
 garbage-first heap   total 119808K, used 72751K [0x0000000080000000, 0x0000000100000000)
  region size 1024K, 4 young (4096K), 4 survivors (4096K)
 Metaspace       used 65756K, committed 66432K, reserved 1114112K
  class space    used 8911K, committed 9216K, reserved 1048576K
}
Event: 17.404 GC heap before
{Heap before GC invocations=34 (full 0):
 garbage-first heap   total 128000K, used 82991K [0x0000000080000000, 0x0000000100000000)
  region size 1024K, 15 young (15360K), 4 survivors (4096K)
 Metaspace       used 66358K, committed 67008K, reserved 1114112K
  class space    used 8969K, committed 9280K, reserved 1048576K
}
Event: 17.407 GC heap after
{Heap after GC invocations=35 (full 0):
 garbage-first heap   total 128000K, used 74754K [0x0000000080000000, 0x0000000100000000)
  region size 1024K, 2 young (2048K), 2 survivors (2048K)
 Metaspace       used 66358K, committed 67008K, reserved 1114112K
  class space    used 8969K, committed 9280K, reserved 1048576K
}
Event: 18.583 GC heap before
{Heap before GC invocations=36 (full 0):
 garbage-first heap   total 130048K, used 96258K [0x0000000080000000, 0x0000000100000000)
  region size 1024K, 22 young (22528K), 2 survivors (2048K)
 Metaspace       used 67967K, committed 68608K, reserved 1114112K
  class space    used 9192K, committed 9472K, reserved 1048576K
}
Event: 18.587 GC heap after
{Heap after GC invocations=37 (full 0):
 garbage-first heap   total 130048K, used 76467K [0x0000000080000000, 0x0000000100000000)
  region size 1024K, 1 young (1024K), 1 survivors (1024K)
 Metaspace       used 67967K, committed 68608K, reserved 1114112K
  class space    used 9192K, committed 9472K, reserved 1048576K
}

