# JRE version: OpenJDK Runtime Environment (17.0.9) (build 17.0.9+0--11185874)
# Java VM: OpenJDK 64-Bit Server VM (17.0.9+0--11185874, mixed mode, tiered, compressed oops, compressed class ptrs, g1 gc, windows-amd64)
GC Precious Log:
 CPUs: 4 total, 4 available
 Memory: 6086M
 Large Page Support: Disabled
 NUMA Support: Disabled
 Compressed Oops: Enabled (32-bit)
 Heap Region Size: 1M
 Heap Min Capacity: 8M
 Heap Initial Capacity: 96M
 Heap Max Capacity: 2G
 Pre-touch: Disabled
 Parallel Workers: 4
 Concurrent Workers: 1
 Concurrent Refinement Workers: 4
 Periodic GC: Disabled
Heap:
 garbage-first heap   total 150528K, used 85662K [0x0000000080000000, 0x0000000100000000)
  region size 1024K, 3 young (3072K), 1 survivors (1024K)
 Metaspace       used 80220K, committed 80896K, reserved 1179648K
  class space    used 10771K, committed 11072K, reserved 1048576K
GC Heap History (20 events):
Event: 11.369 GC heap before
{Heap before GC invocations=22 (full 0):
 garbage-first heap   total 97280K, used 77926K [0x0000000080000000, 0x0000000100000000)
  region size 1024K, 22 young (22528K), 1 survivors (1024K)
 Metaspace       used 53038K, committed 53696K, reserved 1114112K
  class space    used 7067K, committed 7360K, reserved 1048576K
}
Event: 11.375 GC heap after
{Heap after GC invocations=23 (full 0):
 garbage-first heap   total 97280K, used 57003K [0x0000000080000000, 0x0000000100000000)
  region size 1024K, 1 young (1024K), 1 survivors (1024K)
 Metaspace       used 53038K, committed 53696K, reserved 1114112K
  class space    used 7067K, committed 7360K, reserved 1048576K
}
Event: 12.070 GC heap before
{Heap before GC invocations=24 (full 0):
 garbage-first heap   total 99328K, used 78507K [0x0000000080000000, 0x0000000100000000)
  region size 1024K, 23 young (23552K), 1 survivors (1024K)
 Metaspace       used 56120K, committed 56704K, reserved 1114112K
  class space    used 7552K, committed 7808K, reserved 1048576K
}
Event: 12.077 GC heap after
{Heap after GC invocations=25 (full 0):
 garbage-first heap   total 99328K, used 57993K [0x0000000080000000, 0x0000000100000000)
  region size 1024K, 2 young (2048K), 2 survivors (2048K)
 Metaspace       used 56120K, committed 56704K, reserved 1114112K
  class space    used 7552K, committed 7808K, reserved 1048576K
}
Event: 12.136 GC heap before
{Heap before GC invocations=25 (full 0):
 garbage-first heap   total 99328K, used 60041K [0x0000000080000000, 0x0000000100000000)
  region size 1024K, 4 young (4096K), 2 survivors (2048K)
 Metaspace       used 56350K, committed 56960K, reserved 1114112K
  class space    used 7592K, committed 7872K, reserved 1048576K
}
Event: 12.144 GC heap after
{Heap after GC invocations=26 (full 0):
 garbage-first heap   total 148480K, used 57860K [0x0000000080000000, 0x0000000100000000)
  region size 1024K, 1 young (1024K), 1 survivors (1024K)
 Metaspace       used 56350K, committed 56960K, reserved 1114112K
  class space    used 7592K, committed 7872K, reserved 1048576K
}
Event: 13.691 GC heap before
{Heap before GC invocations=26 (full 0):
 garbage-first heap   total 148480K, used 113156K [0x0000000080000000, 0x0000000100000000)
  region size 1024K, 55 young (56320K), 1 survivors (1024K)
 Metaspace       used 63943K, committed 64640K, reserved 1114112K
  class space    used 8688K, committed 9024K, reserved 1048576K
}
Event: 13.699 GC heap after
{Heap after GC invocations=27 (full 0):
 garbage-first heap   total 148480K, used 61939K [0x0000000080000000, 0x0000000100000000)
  region size 1024K, 5 young (5120K), 5 survivors (5120K)
 Metaspace       used 63943K, committed 64640K, reserved 1114112K
  class space    used 8688K, committed 9024K, reserved 1048576K
}
Event: 15.102 GC heap before
{Heap before GC invocations=27 (full 0):
 garbage-first heap   total 148480K, used 120307K [0x0000000080000000, 0x0000000100000000)
  region size 1024K, 56 young (57344K), 5 survivors (5120K)
 Metaspace       used 66424K, committed 67136K, reserved 1114112K
  class space    used 8982K, committed 9280K, reserved 1048576K
}
Event: 15.116 GC heap after
{Heap after GC invocations=28 (full 0):
 garbage-first heap   total 148480K, used 75797K [0x0000000080000000, 0x0000000100000000)
  region size 1024K, 7 young (7168K), 7 survivors (7168K)
 Metaspace       used 66424K, committed 67136K, reserved 1114112K
  class space    used 8982K, committed 9280K, reserved 1048576K
}
Event: 15.989 GC heap before
{Heap before GC invocations=28 (full 0):
 garbage-first heap   total 148480K, used 115733K [0x0000000080000000, 0x0000000100000000)
  region size 1024K, 46 young (47104K), 7 survivors (7168K)
 Metaspace       used 70045K, committed 70784K, reserved 1114112K
  class space    used 9412K, committed 9728K, reserved 1048576K
}
Event: 15.996 GC heap after
{Heap after GC invocations=29 (full 0):
 garbage-first heap   total 148480K, used 77993K [0x0000000080000000, 0x0000000100000000)
  region size 1024K, 2 young (2048K), 2 survivors (2048K)
 Metaspace       used 70045K, committed 70784K, reserved 1114112K
  class space    used 9412K, committed 9728K, reserved 1048576K
}
Event: 16.866 GC heap before
{Heap before GC invocations=30 (full 0):
 garbage-first heap   total 148480K, used 118953K [0x0000000080000000, 0x0000000100000000)
  region size 1024K, 42 young (43008K), 2 survivors (2048K)
 Metaspace       used 74279K, committed 74944K, reserved 1114112K
  class space    used 9930K, committed 10240K, reserved 1048576K
}
Event: 16.871 GC heap after
{Heap after GC invocations=31 (full 0):
 garbage-first heap   total 148480K, used 78828K [0x0000000080000000, 0x0000000100000000)
  region size 1024K, 3 young (3072K), 3 survivors (3072K)
 Metaspace       used 74279K, committed 74944K, reserved 1114112K
  class space    used 9930K, committed 10240K, reserved 1048576K
}
Event: 16.962 GC heap before
{Heap before GC invocations=31 (full 0):
 garbage-first heap   total 148480K, used 82924K [0x0000000080000000, 0x0000000100000000)
  region size 1024K, 7 young (7168K), 3 survivors (3072K)
 Metaspace       used 74657K, committed 75328K, reserved 1179648K
  class space    used 9999K, committed 10304K, reserved 1048576K
}
Event: 16.968 GC heap after
{Heap after GC invocations=32 (full 0):
 garbage-first heap   total 148480K, used 78547K [0x0000000080000000, 0x0000000100000000)
  region size 1024K, 1 young (1024K), 1 survivors (1024K)
 Metaspace       used 74657K, committed 75328K, reserved 1179648K
  class space    used 9999K, committed 10304K, reserved 1048576K
}
Event: 17.738 GC heap before
{Heap before GC invocations=32 (full 0):
 garbage-first heap   total 148480K, used 126675K [0x0000000080000000, 0x0000000100000000)
  region size 1024K, 42 young (43008K), 1 survivors (1024K)
 Metaspace       used 77118K, committed 77888K, reserved 1179648K
  class space    used 10335K, committed 10688K, reserved 1048576K
}
Event: 17.743 GC heap after
{Heap after GC invocations=33 (full 0):
 garbage-first heap   total 148480K, used 83006K [0x0000000080000000, 0x0000000100000000)
  region size 1024K, 5 young (5120K), 5 survivors (5120K)
 Metaspace       used 77118K, committed 77888K, reserved 1179648K
  class space    used 10335K, committed 10688K, reserved 1048576K
}
Event: 18.434 GC heap before
{Heap before GC invocations=34 (full 0):
 garbage-first heap   total 150528K, used 119870K [0x0000000080000000, 0x0000000100000000)
  region size 1024K, 41 young (41984K), 5 survivors (5120K)
 Metaspace       used 79604K, committed 80320K, reserved 1179648K
  class space    used 10666K, committed 11008K, reserved 1048576K
}
Event: 18.442 GC heap after
{Heap after GC invocations=35 (full 0):
 garbage-first heap   total 150528K, used 84667K [0x0000000080000000, 0x0000000100000000)
  region size 1024K, 2 young (2048K), 2 survivors (2048K)
 Metaspace       used 79604K, committed 80320K, reserved 1179648K
  class space    used 10666K, committed 11008K, reserved 1048576K
}

