# JRE version: OpenJDK Runtime Environment (17.0.9) (build 17.0.9+0--11185874)
# Java VM: OpenJDK 64-Bit Server VM (17.0.9+0--11185874, mixed mode, tiered, compressed oops, compressed class ptrs, g1 gc, windows-amd64)
GC Precious Log:
 CPUs: 4 total, 4 available
 Memory: 6086M
 Large Page Support: Disabled
 NUMA Support: Disabled
 Compressed Oops: Enabled (32-bit)
 Heap Region Size: 1M
 Heap Min Capacity: 8M
 Heap Initial Capacity: 96M
 Heap Max Capacity: 2G
 Pre-touch: Disabled
 Parallel Workers: 4
 Concurrent Workers: 1
 Concurrent Refinement Workers: 4
 Periodic GC: Disabled
Heap:
 garbage-first heap   total 137216K, used 96436K [0x0000000080000000, 0x0000000100000000)
  region size 1024K, 14 young (14336K), 2 survivors (2048K)
 Metaspace       used 75810K, committed 76544K, reserved 1179648K
  class space    used 10146K, committed 10496K, reserved 1048576K
GC Heap History (20 events):
Event: 16.465 GC heap before
{Heap before GC invocations=28 (full 0):
 garbage-first heap   total 101376K, used 83063K [0x0000000080000000, 0x0000000100000000)
  region size 1024K, 26 young (26624K), 4 survivors (4096K)
 Metaspace       used 64993K, committed 65600K, reserved 1114112K
  class space    used 8792K, committed 9088K, reserved 1048576K
}
Event: 16.477 GC heap after
{Heap after GC invocations=29 (full 0):
 garbage-first heap   total 101376K, used 63332K [0x0000000080000000, 0x0000000100000000)
  region size 1024K, 3 young (3072K), 3 survivors (3072K)
 Metaspace       used 64993K, committed 65600K, reserved 1114112K
  class space    used 8792K, committed 9088K, reserved 1048576K
}
Event: 16.734 GC heap before
{Heap before GC invocations=30 (full 0):
 garbage-first heap   total 112640K, used 69476K [0x0000000080000000, 0x0000000100000000)
  region size 1024K, 11 young (11264K), 3 survivors (3072K)
 Metaspace       used 65202K, committed 65856K, reserved 1114112K
  class space    used 8810K, committed 9152K, reserved 1048576K
}
Event: 16.740 GC heap after
{Heap after GC invocations=31 (full 0):
 garbage-first heap   total 112640K, used 63884K [0x0000000080000000, 0x0000000100000000)
  region size 1024K, 1 young (1024K), 1 survivors (1024K)
 Metaspace       used 65202K, committed 65856K, reserved 1114112K
  class space    used 8810K, committed 9152K, reserved 1048576K
}
Event: 17.080 GC heap before
{Heap before GC invocations=32 (full 0):
 garbage-first heap   total 119808K, used 79244K [0x0000000080000000, 0x0000000100000000)
  region size 1024K, 14 young (14336K), 1 survivors (1024K)
 Metaspace       used 65776K, committed 66432K, reserved 1114112K
  class space    used 8912K, committed 9216K, reserved 1048576K
}
Event: 17.085 GC heap after
{Heap after GC invocations=33 (full 0):
 garbage-first heap   total 119808K, used 72881K [0x0000000080000000, 0x0000000100000000)
  region size 1024K, 4 young (4096K), 4 survivors (4096K)
 Metaspace       used 65776K, committed 66432K, reserved 1114112K
  class space    used 8912K, committed 9216K, reserved 1048576K
}
Event: 17.304 GC heap before
{Heap before GC invocations=34 (full 0):
 garbage-first heap   total 133120K, used 83121K [0x0000000080000000, 0x0000000100000000)
  region size 1024K, 15 young (15360K), 4 survivors (4096K)
 Metaspace       used 66374K, committed 67008K, reserved 1114112K
  class space    used 8969K, committed 9280K, reserved 1048576K
}
Event: 17.308 GC heap after
{Heap after GC invocations=35 (full 0):
 garbage-first heap   total 133120K, used 75070K [0x0000000080000000, 0x0000000100000000)
  region size 1024K, 2 young (2048K), 2 survivors (2048K)
 Metaspace       used 66374K, committed 67008K, reserved 1114112K
  class space    used 8969K, committed 9280K, reserved 1048576K
}
Event: 17.818 GC heap before
{Heap before GC invocations=36 (full 0):
 garbage-first heap   total 137216K, used 98622K [0x0000000080000000, 0x0000000100000000)
  region size 1024K, 24 young (24576K), 2 survivors (2048K)
 Metaspace       used 68148K, committed 68864K, reserved 1114112K
  class space    used 9214K, committed 9536K, reserved 1048576K
}
Event: 17.821 GC heap after
{Heap after GC invocations=37 (full 0):
 garbage-first heap   total 137216K, used 76737K [0x0000000080000000, 0x0000000100000000)
  region size 1024K, 1 young (1024K), 1 survivors (1024K)
 Metaspace       used 68148K, committed 68864K, reserved 1114112K
  class space    used 9214K, committed 9536K, reserved 1048576K
}
Event: 17.933 GC heap before
{Heap before GC invocations=37 (full 0):
 garbage-first heap   total 137216K, used 81857K [0x0000000080000000, 0x0000000100000000)
  region size 1024K, 6 young (6144K), 1 survivors (1024K)
 Metaspace       used 68531K, committed 69184K, reserved 1114112K
  class space    used 9272K, committed 9600K, reserved 1048576K
}
Event: 17.936 GC heap after
{Heap after GC invocations=38 (full 0):
 garbage-first heap   total 137216K, used 76347K [0x0000000080000000, 0x0000000100000000)
  region size 1024K, 1 young (1024K), 1 survivors (1024K)
 Metaspace       used 68531K, committed 69184K, reserved 1114112K
  class space    used 9272K, committed 9600K, reserved 1048576K
}
Event: 18.440 GC heap before
{Heap before GC invocations=38 (full 0):
 garbage-first heap   total 137216K, used 100923K [0x0000000080000000, 0x0000000100000000)
  region size 1024K, 26 young (26624K), 1 survivors (1024K)
 Metaspace       used 71414K, committed 72128K, reserved 1114112K
  class space    used 9572K, committed 9920K, reserved 1048576K
}
Event: 18.443 GC heap after
{Heap after GC invocations=39 (full 0):
 garbage-first heap   total 137216K, used 76849K [0x0000000080000000, 0x0000000100000000)
  region size 1024K, 1 young (1024K), 1 survivors (1024K)
 Metaspace       used 71414K, committed 72128K, reserved 1114112K
  class space    used 9572K, committed 9920K, reserved 1048576K
}
Event: 19.114 GC heap before
{Heap before GC invocations=40 (full 0):
 garbage-first heap   total 137216K, used 104497K [0x0000000080000000, 0x0000000100000000)
  region size 1024K, 28 young (28672K), 1 survivors (1024K)
 Metaspace       used 74058K, committed 74752K, reserved 1114112K
  class space    used 9888K, committed 10240K, reserved 1048576K
}
Event: 19.118 GC heap after
{Heap after GC invocations=41 (full 0):
 garbage-first heap   total 137216K, used 77789K [0x0000000080000000, 0x0000000100000000)
  region size 1024K, 2 young (2048K), 2 survivors (2048K)
 Metaspace       used 74058K, committed 74752K, reserved 1114112K
  class space    used 9888K, committed 10240K, reserved 1048576K
}
Event: 19.234 GC heap before
{Heap before GC invocations=41 (full 0):
 garbage-first heap   total 137216K, used 81885K [0x0000000080000000, 0x0000000100000000)
  region size 1024K, 6 young (6144K), 2 survivors (2048K)
 Metaspace       used 74618K, committed 75264K, reserved 1114112K
  class space    used 9983K, committed 10304K, reserved 1048576K
}
Event: 19.241 GC heap after
{Heap after GC invocations=42 (full 0):
 garbage-first heap   total 137216K, used 77595K [0x0000000080000000, 0x0000000100000000)
  region size 1024K, 1 young (1024K), 1 survivors (1024K)
 Metaspace       used 74618K, committed 75264K, reserved 1114112K
  class space    used 9983K, committed 10304K, reserved 1048576K
}
Event: 19.551 GC heap before
{Heap before GC invocations=42 (full 0):
 garbage-first heap   total 137216K, used 89883K [0x0000000080000000, 0x0000000100000000)
  region size 1024K, 14 young (14336K), 1 survivors (1024K)
 Metaspace       used 75790K, committed 76544K, reserved 1179648K
  class space    used 10146K, committed 10496K, reserved 1048576K
}
Event: 19.554 GC heap after
{Heap after GC invocations=43 (full 0):
 garbage-first heap   total 137216K, used 79028K [0x0000000080000000, 0x0000000100000000)
  region size 1024K, 2 young (2048K), 2 survivors (2048K)
 Metaspace       used 75790K, committed 76544K, reserved 1179648K
  class space    used 10146K, committed 10496K, reserved 1048576K
}

